# JRE version: OpenJDK Runtime Environment (11.0.8+10) (build 11.0.8+10-b944.6842174)
# Java VM: OpenJDK 64-Bit Server VM (11.0.8+10-b944.6842174, mixed mode, tiered, compressed oops, g1 gc, windows-amd64)
Heap:
 garbage-first heap   total 262144K, used 144696K [0x0000000080000000, 0x0000000100000000)
  region size 1024K, 111 young (113664K), 11 survivors (11264K)
 Metaspace       used 49690K, capacity 51205K, committed 51328K, reserved 1093632K
  class space    used 6312K, capacity 6751K, committed 6784K, reserved 1048576K
GC Heap History (14 events):
Event: 0.493 GC heap before
{Heap before GC invocations=0 (full 0):
 garbage-first heap   total 262144K, used 19456K [0x0000000080000000, 0x0000000100000000)
  region size 1024K, 14 young (14336K), 0 survivors (0K)
 Metaspace       used 7557K, capacity 7741K, committed 7936K, reserved 1056768K
  class space    used 706K, capacity 749K, committed 768K, reserved 1048576K
}
Event: 0.498 GC heap after
{Heap after GC invocations=1 (full 0):
 garbage-first heap   total 262144K, used 8165K [0x0000000080000000, 0x0000000100000000)
  region size 1024K, 2 young (2048K), 2 survivors (2048K)
 Metaspace       used 7557K, capacity 7741K, committed 7936K, reserved 1056768K
  class space    used 706K, capacity 749K, committed 768K, reserved 1048576K
}
Event: 1.168 GC heap before
{Heap before GC invocations=1 (full 0):
 garbage-first heap   total 262144K, used 35813K [0x0000000080000000, 0x0000000100000000)
  region size 1024K, 29 young (29696K), 2 survivors (2048K)
 Metaspace       used 10918K, capacity 11136K, committed 11264K, reserved 1058816K
  class space    used 1140K, capacity 1201K, committed 1280K, reserved 1048576K
}
Event: 1.173 GC heap after
{Heap after GC invocations=2 (full 0):
 garbage-first heap   total 262144K, used 10060K [0x0000000080000000, 0x0000000100000000)
  region size 1024K, 4 young (4096K), 4 survivors (4096K)
 Metaspace       used 10918K, capacity 11136K, committed 11264K, reserved 1058816K
  class space    used 1140K, capacity 1201K, committed 1280K, reserved 1048576K
}
Event: 1.927 GC heap before
{Heap before GC invocations=2 (full 0):
 garbage-first heap   total 262144K, used 41804K [0x0000000080000000, 0x0000000100000000)
  region size 1024K, 35 young (35840K), 4 survivors (4096K)
 Metaspace       used 15384K, capacity 15764K, committed 16000K, reserved 1062912K
  class space    used 1772K, capacity 1917K, committed 1920K, reserved 1048576K
}
Event: 1.933 GC heap after
{Heap after GC invocations=3 (full 0):
 garbage-first heap   total 262144K, used 14137K [0x0000000080000000, 0x0000000100000000)
  region size 1024K, 5 young (5120K), 5 survivors (5120K)
 Metaspace       used 15384K, capacity 15764K, committed 16000K, reserved 1062912K
  class space    used 1772K, capacity 1917K, committed 1920K, reserved 1048576K
}
Event: 2.705 GC heap before
{Heap before GC invocations=3 (full 0):
 garbage-first heap   total 262144K, used 43833K [0x0000000080000000, 0x0000000100000000)
  region size 1024K, 35 young (35840K), 5 survivors (5120K)
 Metaspace       used 20624K, capacity 21043K, committed 21248K, reserved 1069056K
  class space    used 2424K, capacity 2545K, committed 2560K, reserved 1048576K
}
Event: 2.713 GC heap after
{Heap after GC invocations=4 (full 0):
 garbage-first heap   total 262144K, used 16532K [0x0000000080000000, 0x0000000100000000)
  region size 1024K, 2 young (2048K), 2 survivors (2048K)
 Metaspace       used 20624K, capacity 21043K, committed 21248K, reserved 1069056K
  class space    used 2424K, capacity 2545K, committed 2560K, reserved 1048576K
}
Event: 5.041 GC heap before
{Heap before GC invocations=5 (full 0):
 garbage-first heap   total 262144K, used 74900K [0x0000000080000000, 0x0000000100000000)
  region size 1024K, 50 young (51200K), 2 survivors (2048K)
 Metaspace       used 26107K, capacity 26845K, committed 27136K, reserved 1073152K
  class space    used 3317K, capacity 3537K, committed 3584K, reserved 1048576K
}
Event: 5.054 GC heap after
{Heap after GC invocations=6 (full 0):
 garbage-first heap   total 262144K, used 29694K [0x0000000080000000, 0x0000000100000000)
  region size 1024K, 6 young (6144K), 6 survivors (6144K)
 Metaspace       used 26107K, capacity 26845K, committed 27136K, reserved 1073152K
  class space    used 3317K, capacity 3537K, committed 3584K, reserved 1048576K
}
Event: 6.818 GC heap before
{Heap before GC invocations=6 (full 0):
 garbage-first heap   total 262144K, used 79870K [0x0000000080000000, 0x0000000100000000)
  region size 1024K, 57 young (58368K), 6 survivors (6144K)
 Metaspace       used 34725K, capacity 35529K, committed 35628K, reserved 1081344K
  class space    used 4414K, capacity 4719K, committed 4736K, reserved 1048576K
}
Event: 6.833 GC heap after
{Heap after GC invocations=7 (full 0):
 garbage-first heap   total 262144K, used 34064K [0x0000000080000000, 0x0000000100000000)
  region size 1024K, 9 young (9216K), 9 survivors (9216K)
 Metaspace       used 34725K, capacity 35529K, committed 35628K, reserved 1081344K
  class space    used 4414K, capacity 4719K, committed 4736K, reserved 1048576K
}
Event: 8.948 GC heap before
{Heap before GC invocations=8 (full 0):
 garbage-first heap   total 262144K, used 122128K [0x0000000080000000, 0x0000000100000000)
  region size 1024K, 93 young (95232K), 9 survivors (9216K)
 Metaspace       used 42912K, capacity 43975K, committed 44288K, reserved 1087488K
  class space    used 5447K, capacity 5819K, committed 5888K, reserved 1048576K
}
Event: 8.977 GC heap after
{Heap after GC invocations=9 (full 0):
 garbage-first heap   total 262144K, used 41272K [0x0000000080000000, 0x0000000100000000)
  region size 1024K, 11 young (11264K), 11 survivors (11264K)
 Metaspace       used 42912K, capacity 43975K, committed 44288K, reserved 1087488K
  class space    used 5447K, capacity 5819K, committed 5888K, reserved 1048576K
}

